2026-05-19 16:39:07 [restartedMain] INFO  c.F.e.EverythingAppApplication - Starting EverythingAppApplication using Java 17.0.18 with PID 22199 (/home/finn/Dokumente/Projekte/Everything-app/Everything-app-backend/everything-app/target/classes started by finn in /home/finn/Dokumente/Projekte/Everything-app/Everything-app-backend/everything-app)
2026-05-19 16:39:07 [restartedMain] DEBUG c.F.e.EverythingAppApplication - Running with Spring Boot v3.2.0, Spring v6.1.1
2026-05-19 16:39:07 [restartedMain] INFO  c.F.e.EverythingAppApplication - The following 1 profile is active: "development"
2026-05-19 16:39:07 [restartedMain] INFO  o.s.b.d.e.DevToolsPropertyDefaultsPostProcessor - Devtools property defaults active! Set 'spring.devtools.add-properties' to 'false' to disable
2026-05-19 16:39:07 [restartedMain] INFO  o.s.b.d.e.DevToolsPropertyDefaultsPostProcessor - For additional web related logging consider setting the 'logging.level.web' property to 'DEBUG'
2026-05-19 16:39:08 [restartedMain] INFO  o.s.d.r.c.RepositoryConfigurationDelegate - Bootstrapping Spring Data JPA repositories in DEFAULT mode.
2026-05-19 16:39:08 [restartedMain] INFO  o.s.d.r.c.RepositoryConfigurationDelegate - Finished Spring Data repository scanning in 45 ms. Found 21 JPA repository interfaces.
2026-05-19 16:39:08 [restartedMain] INFO  o.s.b.w.e.tomcat.TomcatWebServer - Tomcat initialized with port 8080 (http)
2026-05-19 16:39:08 [restartedMain] INFO  o.a.catalina.core.StandardService - Starting service [Tomcat]
2026-05-19 16:39:08 [restartedMain] INFO  o.a.catalina.core.StandardEngine - Starting Servlet engine: [Apache Tomcat/10.1.16]
2026-05-19 16:39:08 [restartedMain] INFO  o.a.c.c.C.[Tomcat].[localhost].[/] - Initializing Spring embedded WebApplicationContext
2026-05-19 16:39:08 [restartedMain] INFO  o.s.b.w.s.c.ServletWebServerApplicationContext - Root WebApplicationContext: initialization completed in 822 ms
2026-05-19 16:39:08 [restartedMain] INFO  o.h.jpa.internal.util.LogHelper - HHH000204: Processing PersistenceUnitInfo [name: default]
2026-05-19 16:39:08 [restartedMain] INFO  org.hibernate.Version - HHH000412: Hibernate ORM core version 6.3.1.Final
2026-05-19 16:39:08 [restartedMain] INFO  o.h.c.i.RegionFactoryInitiator - HHH000026: Second-level cache disabled
2026-05-19 16:39:08 [restartedMain] INFO  o.s.o.j.p.SpringPersistenceUnitInfo - No LoadTimeWeaver setup: ignoring JPA class transformer
2026-05-19 16:39:08 [restartedMain] INFO  com.zaxxer.hikari.HikariDataSource - HikariPool-1 - Starting...
2026-05-19 16:39:09 [restartedMain] INFO  com.zaxxer.hikari.pool.HikariPool - HikariPool-1 - Added connection org.postgresql.jdbc.PgConnection@1cc512ea
2026-05-19 16:39:09 [restartedMain] INFO  com.zaxxer.hikari.HikariDataSource - HikariPool-1 - Start completed.
2026-05-19 16:39:09 [restartedMain] WARN  org.hibernate.orm.deprecation - HHH90000025: PostgreSQLDialect does not need to be specified explicitly using 'hibernate.dialect' (remove the property setting and it will be selected by default)
2026-05-19 16:39:09 [restartedMain] INFO  o.h.e.t.j.p.i.JtaPlatformInitiator - HHH000489: No JTA platform available (set 'hibernate.transaction.jta.platform' to enable JTA platform integration)
2026-05-19 16:39:10 [restartedMain] INFO  o.s.o.j.LocalContainerEntityManagerFactoryBean - Initialized JPA EntityManagerFactory for persistence unit 'default'
2026-05-19 16:39:10 [restartedMain] DEBUG c.F.e.s.JwtAuthenticationFilter - Filter 'jwtAuthenticationFilter' configured for use
2026-05-19 16:39:10 [restartedMain] INFO  o.s.d.j.r.query.QueryEnhancerFactory - Hibernate is in classpath; If applicable, HQL parser will be used.
2026-05-19 16:39:11 [restartedMain] WARN  o.s.b.a.o.j.JpaBaseConfiguration$JpaWebConfiguration - spring.jpa.open-in-view is enabled by default. Therefore, database queries may be performed during view rendering. Explicitly configure spring.jpa.open-in-view to disable this warning
2026-05-19 16:39:11 [restartedMain] INFO  o.s.s.web.DefaultSecurityFilterChain - Will secure any request with [org.springframework.security.web.session.DisableEncodeUrlFilter@411bb1a0, org.springframework.security.web.context.request.async.WebAsyncManagerIntegrationFilter@79051f3c, org.springframework.security.web.context.SecurityContextHolderFilter@7f61c79c, org.springframework.security.web.header.HeaderWriterFilter@137357bf, org.springframework.web.filter.CorsFilter@18c86c96, org.springframework.security.web.authentication.logout.LogoutFilter@786b57e9, com.Finn.everything_app.security.JwtAuthenticationFilter@7bfeb55c, org.springframework.security.web.savedrequest.RequestCacheAwareFilter@6514c6b7, org.springframework.security.web.servletapi.SecurityContextHolderAwareRequestFilter@481dba9b, org.springframework.security.web.authentication.AnonymousAuthenticationFilter@4b2e0c3c, org.springframework.security.web.session.SessionManagementFilter@9301126, org.springframework.security.web.access.ExceptionTranslationFilter@521326a1, org.springframework.security.web.access.intercept.AuthorizationFilter@3e7783f]
2026-05-19 16:39:11 [restartedMain] INFO  o.s.b.d.a.OptionalLiveReloadServer - LiveReload server is running on port 35729
2026-05-19 16:39:11 [restartedMain] INFO  o.s.b.w.e.tomcat.TomcatWebServer - Tomcat started on port 8080 (http) with context path ''
2026-05-19 16:39:11 [restartedMain] INFO  c.F.e.EverythingAppApplication - Started EverythingAppApplication in 4.058 seconds (process running for 4.269)
2026-05-19 16:39:20 [http-nio-8080-exec-1] INFO  o.a.c.c.C.[Tomcat].[localhost].[/] - Initializing Spring DispatcherServlet 'dispatcherServlet'
2026-05-19 16:39:20 [http-nio-8080-exec-1] INFO  o.s.web.servlet.DispatcherServlet - Initializing Servlet 'dispatcherServlet'
2026-05-19 16:39:20 [http-nio-8080-exec-1] INFO  o.s.web.servlet.DispatcherServlet - Completed initialization in 1 ms
2026-05-19 16:39:20 [http-nio-8080-exec-1] DEBUG o.s.security.web.FilterChainProxy - Securing POST /api/auth/dev-login
2026-05-19 16:39:20 [http-nio-8080-exec-1] DEBUG org.hibernate.SQL - 
    select
        u1_0.id,
        u1_0.created_at,
        u1_0.email,
        u1_0.last_login,
        u1_0.password_hash,
        u1_0.username 
    from
        users u1_0 
    where
        u1_0.username=?
2026-05-19 16:39:20 [http-nio-8080-exec-1] DEBUG org.hibernate.SQL - 
    select
        up1_0.id,
        up1_0.break_duration_minutes,
        up1_0.dark_mode,
        up1_0.group_similar_tasks,
        up1_0.hours_before_break,
        up1_0.max_tasks_per_day,
        up1_0.notifications_enabled,
        up1_0.peak_productivity_time,
        up1_0.reminder_minutes_before,
        up1_0.theme_color,
        up1_0.user_id,
        u1_0.id,
        u1_0.created_at,
        u1_0.email,
        u1_0.last_login,
        u1_0.password_hash,
        u1_0.username,
        up1_0.workday_end,
        up1_0.workday_start 
    from
        user_preferences up1_0 
    join
        users u1_0 
            on u1_0.id=up1_0.user_id 
    where
        up1_0.user_id=?
2026-05-19 16:39:20 [http-nio-8080-exec-1] WARN  o.s.w.s.h.HandlerMappingIntrospector - Cache miss for REQUEST dispatch to '/api/auth/dev-login' (previous null). Performing MatchableHandlerMapping lookup. This is logged once only at WARN level, and every time at TRACE.
2026-05-19 16:39:20 [http-nio-8080-exec-1] DEBUG o.s.security.web.FilterChainProxy - Secured POST /api/auth/dev-login
2026-05-19 16:39:20 [http-nio-8080-exec-1] DEBUG org.hibernate.SQL - 
    select
        u1_0.id,
        u1_0.created_at,
        u1_0.email,
        u1_0.last_login,
        u1_0.password_hash,
        u1_0.username 
    from
        users u1_0 
    where
        u1_0.username=?
2026-05-19 16:39:20 [http-nio-8080-exec-1] DEBUG org.hibernate.SQL - 
    select
        up1_0.id,
        up1_0.break_duration_minutes,
        up1_0.dark_mode,
        up1_0.group_similar_tasks,
        up1_0.hours_before_break,
        up1_0.max_tasks_per_day,
        up1_0.notifications_enabled,
        up1_0.peak_productivity_time,
        up1_0.reminder_minutes_before,
        up1_0.theme_color,
        up1_0.user_id,
        u1_0.id,
        u1_0.created_at,
        u1_0.email,
        u1_0.last_login,
        u1_0.password_hash,
        u1_0.username,
        up1_0.workday_end,
        up1_0.workday_start 
    from
        user_preferences up1_0 
    join
        users u1_0 
            on u1_0.id=up1_0.user_id 
    where
        up1_0.user_id=?
2026-05-19 16:39:20 [http-nio-8080-exec-1] DEBUG org.hibernate.SQL - 
    update
        users 
    set
        created_at=?,
        email=?,
        last_login=?,
        password_hash=?,
        username=? 
    where
        id=?
2026-05-19 16:39:20 [http-nio-8080-exec-2] DEBUG o.s.security.web.FilterChainProxy - Securing GET /api/tasks
2026-05-19 16:39:20 [http-nio-8080-exec-2] DEBUG org.hibernate.SQL - 
    select
        u1_0.id,
        u1_0.created_at,
        u1_0.email,
        u1_0.last_login,
        u1_0.password_hash,
        u1_0.username 
    from
        users u1_0 
    where
        u1_0.username=?
2026-05-19 16:39:20 [http-nio-8080-exec-2] DEBUG org.hibernate.SQL - 
    select
        up1_0.id,
        up1_0.break_duration_minutes,
        up1_0.dark_mode,
        up1_0.group_similar_tasks,
        up1_0.hours_before_break,
        up1_0.max_tasks_per_day,
        up1_0.notifications_enabled,
        up1_0.peak_productivity_time,
        up1_0.reminder_minutes_before,
        up1_0.theme_color,
        up1_0.user_id,
        u1_0.id,
        u1_0.created_at,
        u1_0.email,
        u1_0.last_login,
        u1_0.password_hash,
        u1_0.username,
        up1_0.workday_end,
        up1_0.workday_start 
    from
        user_preferences up1_0 
    join
        users u1_0 
            on u1_0.id=up1_0.user_id 
    where
        up1_0.user_id=?
2026-05-19 16:39:20 [http-nio-8080-exec-2] DEBUG o.s.security.web.FilterChainProxy - Secured GET /api/tasks
2026-05-19 16:39:20 [http-nio-8080-exec-2] DEBUG org.hibernate.SQL - 
    select
        t1_0.id,
        t1_0.category,
        t1_0.completed_at,
        t1_0.created_at,
        t1_0.deadline,
        t1_0.description,
        t1_0.estimated_duration_minutes,
        t1_0.priority,
        t1_0.project_id,
        t1_0.scheduled_end_time,
        t1_0.scheduled_start_time,
        t1_0.space_type,
        t1_0.status,
        t1_0.title,
        t1_0.updated_at,
        t1_0.user_id 
    from
        tasks t1_0 
    where
        t1_0.user_id=?
2026-05-19 16:39:20 [http-nio-8080-exec-3] DEBUG o.s.security.web.FilterChainProxy - Securing GET /api/calendar/events?startDate=2026-05-01T00:00:00.000&endDate=2026-05-31T23:59:59.000
2026-05-19 16:39:20 [http-nio-8080-exec-3] DEBUG org.hibernate.SQL - 
    select
        u1_0.id,
        u1_0.created_at,
        u1_0.email,
        u1_0.last_login,
        u1_0.password_hash,
        u1_0.username 
    from
        users u1_0 
    where
        u1_0.username=?
2026-05-19 16:39:20 [http-nio-8080-exec-3] DEBUG org.hibernate.SQL - 
    select
        up1_0.id,
        up1_0.break_duration_minutes,
        up1_0.dark_mode,
        up1_0.group_similar_tasks,
        up1_0.hours_before_break,
        up1_0.max_tasks_per_day,
        up1_0.notifications_enabled,
        up1_0.peak_productivity_time,
        up1_0.reminder_minutes_before,
        up1_0.theme_color,
        up1_0.user_id,
        u1_0.id,
        u1_0.created_at,
        u1_0.email,
        u1_0.last_login,
        u1_0.password_hash,
        u1_0.username,
        up1_0.workday_end,
        up1_0.workday_start 
    from
        user_preferences up1_0 
    join
        users u1_0 
            on u1_0.id=up1_0.user_id 
    where
        up1_0.user_id=?
2026-05-19 16:39:20 [http-nio-8080-exec-3] DEBUG o.s.security.web.FilterChainProxy - Secured GET /api/calendar/events?startDate=2026-05-01T00:00:00.000&endDate=2026-05-31T23:59:59.000
2026-05-19 16:39:20 [http-nio-8080-exec-3] DEBUG org.hibernate.SQL - 
    select
        ce1_0.id,
        ce1_0.color,
        ce1_0.created_at,
        ce1_0.description,
        ce1_0.end_time,
        ce1_0.event_type,
        ce1_0.is_fixed,
        ce1_0.location,
        ce1_0.notes,
        ce1_0.related_habit_id,
        ce1_0.related_task_id,
        ce1_0.related_workout_id,
        ce1_0.start_time,
        ce1_0.title,
        ce1_0.updated_at,
        ce1_0.user_id 
    from
        calendar_events ce1_0 
    where
        ce1_0.user_id=? 
        and ce1_0.start_time between ? and ?
2026-05-19 16:39:24 [http-nio-8080-exec-4] DEBUG o.s.security.web.FilterChainProxy - Securing GET /api/study/notes
2026-05-19 16:39:24 [http-nio-8080-exec-4] DEBUG org.hibernate.SQL - 
    select
        u1_0.id,
        u1_0.created_at,
        u1_0.email,
        u1_0.last_login,
        u1_0.password_hash,
        u1_0.username 
    from
        users u1_0 
    where
        u1_0.username=?
2026-05-19 16:39:24 [http-nio-8080-exec-4] DEBUG org.hibernate.SQL - 
    select
        up1_0.id,
        up1_0.break_duration_minutes,
        up1_0.dark_mode,
        up1_0.group_similar_tasks,
        up1_0.hours_before_break,
        up1_0.max_tasks_per_day,
        up1_0.notifications_enabled,
        up1_0.peak_productivity_time,
        up1_0.reminder_minutes_before,
        up1_0.theme_color,
        up1_0.user_id,
        u1_0.id,
        u1_0.created_at,
        u1_0.email,
        u1_0.last_login,
        u1_0.password_hash,
        u1_0.username,
        up1_0.workday_end,
        up1_0.workday_start 
    from
        user_preferences up1_0 
    join
        users u1_0 
            on u1_0.id=up1_0.user_id 
    where
        up1_0.user_id=?
2026-05-19 16:39:24 [http-nio-8080-exec-4] DEBUG o.s.security.web.FilterChainProxy - Secured GET /api/study/notes
2026-05-19 16:39:24 [http-nio-8080-exec-4] DEBUG org.hibernate.SQL - 
    select
        sn1_0.id,
        sn1_0.category,
        sn1_0.content,
        sn1_0.course_id,
        sn1_0.created_at,
        sn1_0.file_path,
        sn1_0.file_type,
        sn1_0.is_favorite,
        sn1_0.last_reviewed_at,
        sn1_0.tags,
        sn1_0.title,
        sn1_0.updated_at,
        sn1_0.user_id 
    from
        study_notes sn1_0 
    where
        sn1_0.user_id=?
2026-05-19 17:10:03 [SpringApplicationShutdownHook] INFO  o.s.o.j.LocalContainerEntityManagerFactoryBean - Closing JPA EntityManagerFactory for persistence unit 'default'
2026-05-19 17:10:03 [SpringApplicationShutdownHook] INFO  com.zaxxer.hikari.HikariDataSource - HikariPool-1 - Shutdown initiated...
2026-05-19 17:10:03 [SpringApplicationShutdownHook] INFO  com.zaxxer.hikari.HikariDataSource - HikariPool-1 - Shutdown completed.
2026-05-19 18:17:24 [restartedMain] INFO  c.F.e.EverythingAppApplication - Starting EverythingAppApplication using Java 17.0.18 with PID 7350 (/home/finn/Dokumente/Projekte/Everything-app/Everything-app-backend/everything-app/target/classes started by finn in /home/finn/Dokumente/Projekte/Everything-app/Everything-app-backend/everything-app)
2026-05-19 18:17:24 [restartedMain] DEBUG c.F.e.EverythingAppApplication - Running with Spring Boot v3.2.0, Spring v6.1.1
2026-05-19 18:17:24 [restartedMain] INFO  c.F.e.EverythingAppApplication - The following 1 profile is active: "development"
2026-05-19 18:17:24 [restartedMain] INFO  o.s.b.d.e.DevToolsPropertyDefaultsPostProcessor - Devtools property defaults active! Set 'spring.devtools.add-properties' to 'false' to disable
2026-05-19 18:17:24 [restartedMain] INFO  o.s.b.d.e.DevToolsPropertyDefaultsPostProcessor - For additional web related logging consider setting the 'logging.level.web' property to 'DEBUG'
2026-05-19 18:17:24 [restartedMain] INFO  o.s.d.r.c.RepositoryConfigurationDelegate - Bootstrapping Spring Data JPA repositories in DEFAULT mode.
2026-05-19 18:17:24 [restartedMain] INFO  o.s.d.r.c.RepositoryConfigurationDelegate - Finished Spring Data repository scanning in 62 ms. Found 21 JPA repository interfaces.
2026-05-19 18:17:25 [restartedMain] INFO  o.s.b.w.e.tomcat.TomcatWebServer - Tomcat initialized with port 8080 (http)
2026-05-19 18:17:25 [restartedMain] INFO  o.a.catalina.core.StandardService - Starting service [Tomcat]
2026-05-19 18:17:25 [restartedMain] INFO  o.a.catalina.core.StandardEngine - Starting Servlet engine: [Apache Tomcat/10.1.16]
2026-05-19 18:17:25 [restartedMain] INFO  o.a.c.c.C.[Tomcat].[localhost].[/] - Initializing Spring embedded WebApplicationContext
2026-05-19 18:17:25 [restartedMain] INFO  o.s.b.w.s.c.ServletWebServerApplicationContext - Root WebApplicationContext: initialization completed in 1019 ms
2026-05-19 18:17:25 [restartedMain] INFO  o.h.jpa.internal.util.LogHelper - HHH000204: Processing PersistenceUnitInfo [name: default]
2026-05-19 18:17:25 [restartedMain] INFO  org.hibernate.Version - HHH000412: Hibernate ORM core version 6.3.1.Final
2026-05-19 18:17:25 [restartedMain] INFO  o.h.c.i.RegionFactoryInitiator - HHH000026: Second-level cache disabled
2026-05-19 18:17:25 [restartedMain] INFO  o.s.o.j.p.SpringPersistenceUnitInfo - No LoadTimeWeaver setup: ignoring JPA class transformer
2026-05-19 18:17:25 [restartedMain] INFO  com.zaxxer.hikari.HikariDataSource - HikariPool-1 - Starting...
2026-05-19 18:17:25 [restartedMain] INFO  com.zaxxer.hikari.pool.HikariPool - HikariPool-1 - Added connection org.postgresql.jdbc.PgConnection@130717bf
2026-05-19 18:17:25 [restartedMain] INFO  com.zaxxer.hikari.HikariDataSource - HikariPool-1 - Start completed.
2026-05-19 18:17:25 [restartedMain] WARN  org.hibernate.orm.deprecation - HHH90000025: PostgreSQLDialect does not need to be specified explicitly using 'hibernate.dialect' (remove the property setting and it will be selected by default)
2026-05-19 18:17:26 [restartedMain] INFO  o.h.e.t.j.p.i.JtaPlatformInitiator - HHH000489: No JTA platform available (set 'hibernate.transaction.jta.platform' to enable JTA platform integration)
2026-05-19 18:17:27 [restartedMain] INFO  o.s.o.j.LocalContainerEntityManagerFactoryBean - Initialized JPA EntityManagerFactory for persistence unit 'default'
2026-05-19 18:17:27 [restartedMain] DEBUG c.F.e.s.JwtAuthenticationFilter - Filter 'jwtAuthenticationFilter' configured for use
2026-05-19 18:17:27 [restartedMain] INFO  o.s.d.j.r.query.QueryEnhancerFactory - Hibernate is in classpath; If applicable, HQL parser will be used.
2026-05-19 18:17:29 [restartedMain] WARN  o.s.b.a.o.j.JpaBaseConfiguration$JpaWebConfiguration - spring.jpa.open-in-view is enabled by default. Therefore, database queries may be performed during view rendering. Explicitly configure spring.jpa.open-in-view to disable this warning
2026-05-19 18:17:29 [restartedMain] INFO  o.s.s.web.DefaultSecurityFilterChain - Will secure any request with [org.springframework.security.web.session.DisableEncodeUrlFilter@58d0a1f2, org.springframework.security.web.context.request.async.WebAsyncManagerIntegrationFilter@1971a5a0, org.springframework.security.web.context.SecurityContextHolderFilter@560f7f9b, org.springframework.security.web.header.HeaderWriterFilter@57f1b66c, org.springframework.web.filter.CorsFilter@78c29d9d, org.springframework.security.web.authentication.logout.LogoutFilter@1a76c0e1, com.Finn.everything_app.security.JwtAuthenticationFilter@6697ed71, org.springframework.security.web.savedrequest.RequestCacheAwareFilter@6a7700e6, org.springframework.security.web.servletapi.SecurityContextHolderAwareRequestFilter@49b6e69f, org.springframework.security.web.authentication.AnonymousAuthenticationFilter@786b57e9, org.springframework.security.web.session.SessionManagementFilter@741b2462, org.springframework.security.web.access.ExceptionTranslationFilter@5e613d7b, org.springframework.security.web.access.intercept.AuthorizationFilter@bd95727]
2026-05-19 18:17:29 [restartedMain] INFO  o.s.b.d.a.OptionalLiveReloadServer - LiveReload server is running on port 35729
2026-05-19 18:17:29 [restartedMain] INFO  o.s.b.w.e.tomcat.TomcatWebServer - Tomcat started on port 8080 (http) with context path ''
2026-05-19 18:17:29 [restartedMain] INFO  c.F.e.EverythingAppApplication - Started EverythingAppApplication in 5.508 seconds (process running for 5.76)
2026-05-19 18:17:37 [http-nio-8080-exec-1] INFO  o.a.c.c.C.[Tomcat].[localhost].[/] - Initializing Spring DispatcherServlet 'dispatcherServlet'
2026-05-19 18:17:37 [http-nio-8080-exec-1] INFO  o.s.web.servlet.DispatcherServlet - Initializing Servlet 'dispatcherServlet'
2026-05-19 18:17:37 [http-nio-8080-exec-1] INFO  o.s.web.servlet.DispatcherServlet - Completed initialization in 1 ms
2026-05-19 18:17:37 [http-nio-8080-exec-1] DEBUG o.s.security.web.FilterChainProxy - Securing POST /api/auth/dev-login
2026-05-19 18:17:37 [http-nio-8080-exec-1] DEBUG org.hibernate.SQL - 
    select
        u1_0.id,
        u1_0.created_at,
        u1_0.email,
        u1_0.last_login,
        u1_0.password_hash,
        u1_0.username 
    from
        users u1_0 
    where
        u1_0.username=?
2026-05-19 18:17:37 [http-nio-8080-exec-1] DEBUG org.hibernate.SQL - 
    select
        up1_0.id,
        up1_0.break_duration_minutes,
        up1_0.dark_mode,
        up1_0.group_similar_tasks,
        up1_0.hours_before_break,
        up1_0.max_tasks_per_day,
        up1_0.notifications_enabled,
        up1_0.peak_productivity_time,
        up1_0.reminder_minutes_before,
        up1_0.theme_color,
        up1_0.user_id,
        u1_0.id,
        u1_0.created_at,
        u1_0.email,
        u1_0.last_login,
        u1_0.password_hash,
        u1_0.username,
        up1_0.workday_end,
        up1_0.workday_start 
    from
        user_preferences up1_0 
    join
        users u1_0 
            on u1_0.id=up1_0.user_id 
    where
        up1_0.user_id=?
2026-05-19 18:17:37 [http-nio-8080-exec-1] WARN  o.s.w.s.h.HandlerMappingIntrospector - Cache miss for REQUEST dispatch to '/api/auth/dev-login' (previous null). Performing MatchableHandlerMapping lookup. This is logged once only at WARN level, and every time at TRACE.
2026-05-19 18:17:37 [http-nio-8080-exec-1] DEBUG o.s.security.web.FilterChainProxy - Secured POST /api/auth/dev-login
2026-05-19 18:17:37 [http-nio-8080-exec-1] DEBUG org.hibernate.SQL - 
    select
        u1_0.id,
        u1_0.created_at,
        u1_0.email,
        u1_0.last_login,
        u1_0.password_hash,
        u1_0.username 
    from
        users u1_0 
    where
        u1_0.username=?
2026-05-19 18:17:37 [http-nio-8080-exec-1] DEBUG org.hibernate.SQL - 
    select
        up1_0.id,
        up1_0.break_duration_minutes,
        up1_0.dark_mode,
        up1_0.group_similar_tasks,
        up1_0.hours_before_break,
        up1_0.max_tasks_per_day,
        up1_0.notifications_enabled,
        up1_0.peak_productivity_time,
        up1_0.reminder_minutes_before,
        up1_0.theme_color,
        up1_0.user_id,
        u1_0.id,
        u1_0.created_at,
        u1_0.email,
        u1_0.last_login,
        u1_0.password_hash,
        u1_0.username,
        up1_0.workday_end,
        up1_0.workday_start 
    from
        user_preferences up1_0 
    join
        users u1_0 
            on u1_0.id=up1_0.user_id 
    where
        up1_0.user_id=?
2026-05-19 18:17:37 [http-nio-8080-exec-1] DEBUG org.hibernate.SQL - 
    update
        users 
    set
        created_at=?,
        email=?,
        last_login=?,
        password_hash=?,
        username=? 
    where
        id=?
2026-05-19 18:17:38 [http-nio-8080-exec-2] DEBUG o.s.security.web.FilterChainProxy - Securing GET /api/tasks
2026-05-19 18:17:38 [http-nio-8080-exec-2] DEBUG org.hibernate.SQL - 
    select
        u1_0.id,
        u1_0.created_at,
        u1_0.email,
        u1_0.last_login,
        u1_0.password_hash,
        u1_0.username 
    from
        users u1_0 
    where
        u1_0.username=?
2026-05-19 18:17:38 [http-nio-8080-exec-2] DEBUG org.hibernate.SQL - 
    select
        up1_0.id,
        up1_0.break_duration_minutes,
        up1_0.dark_mode,
        up1_0.group_similar_tasks,
        up1_0.hours_before_break,
        up1_0.max_tasks_per_day,
        up1_0.notifications_enabled,
        up1_0.peak_productivity_time,
        up1_0.reminder_minutes_before,
        up1_0.theme_color,
        up1_0.user_id,
        u1_0.id,
        u1_0.created_at,
        u1_0.email,
        u1_0.last_login,
        u1_0.password_hash,
        u1_0.username,
        up1_0.workday_end,
        up1_0.workday_start 
    from
        user_preferences up1_0 
    join
        users u1_0 
            on u1_0.id=up1_0.user_id 
    where
        up1_0.user_id=?
2026-05-19 18:17:38 [http-nio-8080-exec-2] DEBUG o.s.security.web.FilterChainProxy - Secured GET /api/tasks
2026-05-19 18:17:38 [http-nio-8080-exec-2] DEBUG org.hibernate.SQL - 
    select
        t1_0.id,
        t1_0.category,
        t1_0.completed_at,
        t1_0.created_at,
        t1_0.deadline,
        t1_0.description,
        t1_0.estimated_duration_minutes,
        t1_0.priority,
        t1_0.project_id,
        t1_0.scheduled_end_time,
        t1_0.scheduled_start_time,
        t1_0.space_type,
        t1_0.status,
        t1_0.title,
        t1_0.updated_at,
        t1_0.user_id 
    from
        tasks t1_0 
    where
        t1_0.user_id=?
2026-05-19 18:17:38 [http-nio-8080-exec-3] DEBUG o.s.security.web.FilterChainProxy - Securing GET /api/calendar/events?startDate=2026-05-01T00:00:00.000&endDate=2026-05-31T23:59:59.000
2026-05-19 18:17:38 [http-nio-8080-exec-3] DEBUG org.hibernate.SQL - 
    select
        u1_0.id,
        u1_0.created_at,
        u1_0.email,
        u1_0.last_login,
        u1_0.password_hash,
        u1_0.username 
    from
        users u1_0 
    where
        u1_0.username=?
2026-05-19 18:17:38 [http-nio-8080-exec-3] DEBUG org.hibernate.SQL - 
    select
        up1_0.id,
        up1_0.break_duration_minutes,
        up1_0.dark_mode,
        up1_0.group_similar_tasks,
        up1_0.hours_before_break,
        up1_0.max_tasks_per_day,
        up1_0.notifications_enabled,
        up1_0.peak_productivity_time,
        up1_0.reminder_minutes_before,
        up1_0.theme_color,
        up1_0.user_id,
        u1_0.id,
        u1_0.created_at,
        u1_0.email,
        u1_0.last_login,
        u1_0.password_hash,
        u1_0.username,
        up1_0.workday_end,
        up1_0.workday_start 
    from
        user_preferences up1_0 
    join
        users u1_0 
            on u1_0.id=up1_0.user_id 
    where
        up1_0.user_id=?
2026-05-19 18:17:38 [http-nio-8080-exec-3] DEBUG o.s.security.web.FilterChainProxy - Secured GET /api/calendar/events?startDate=2026-05-01T00:00:00.000&endDate=2026-05-31T23:59:59.000
2026-05-19 18:17:38 [http-nio-8080-exec-3] DEBUG org.hibernate.SQL - 
    select
        ce1_0.id,
        ce1_0.color,
        ce1_0.created_at,
        ce1_0.description,
        ce1_0.end_time,
        ce1_0.event_type,
        ce1_0.is_fixed,
        ce1_0.location,
        ce1_0.notes,
        ce1_0.related_habit_id,
        ce1_0.related_task_id,
        ce1_0.related_workout_id,
        ce1_0.start_time,
        ce1_0.title,
        ce1_0.updated_at,
        ce1_0.user_id 
    from
        calendar_events ce1_0 
    where
        ce1_0.user_id=? 
        and ce1_0.start_time between ? and ?
2026-05-19 18:17:49 [http-nio-8080-exec-4] DEBUG o.s.security.web.FilterChainProxy - Securing GET /api/study/notes
2026-05-19 18:17:49 [http-nio-8080-exec-4] DEBUG org.hibernate.SQL - 
    select
        u1_0.id,
        u1_0.created_at,
        u1_0.email,
        u1_0.last_login,
        u1_0.password_hash,
        u1_0.username 
    from
        users u1_0 
    where
        u1_0.username=?
2026-05-19 18:17:49 [http-nio-8080-exec-4] DEBUG org.hibernate.SQL - 
    select
        up1_0.id,
        up1_0.break_duration_minutes,
        up1_0.dark_mode,
        up1_0.group_similar_tasks,
        up1_0.hours_before_break,
        up1_0.max_tasks_per_day,
        up1_0.notifications_enabled,
        up1_0.peak_productivity_time,
        up1_0.reminder_minutes_before,
        up1_0.theme_color,
        up1_0.user_id,
        u1_0.id,
        u1_0.created_at,
        u1_0.email,
        u1_0.last_login,
        u1_0.password_hash,
        u1_0.username,
        up1_0.workday_end,
        up1_0.workday_start 
    from
        user_preferences up1_0 
    join
        users u1_0 
            on u1_0.id=up1_0.user_id 
    where
        up1_0.user_id=?
2026-05-19 18:17:49 [http-nio-8080-exec-4] DEBUG o.s.security.web.FilterChainProxy - Secured GET /api/study/notes
2026-05-19 18:17:49 [http-nio-8080-exec-4] DEBUG org.hibernate.SQL - 
    select
        sn1_0.id,
        sn1_0.category,
        sn1_0.content,
        sn1_0.course_id,
        sn1_0.created_at,
        sn1_0.file_path,
        sn1_0.file_type,
        sn1_0.is_favorite,
        sn1_0.last_reviewed_at,
        sn1_0.tags,
        sn1_0.title,
        sn1_0.updated_at,
        sn1_0.user_id 
    from
        study_notes sn1_0 
    where
        sn1_0.user_id=?
2026-05-19 18:21:23 [http-nio-8080-exec-9] DEBUG o.s.security.web.FilterChainProxy - Securing GET /api/study/notes
2026-05-19 18:21:23 [http-nio-8080-exec-9] DEBUG org.hibernate.SQL - 
    select
        u1_0.id,
        u1_0.created_at,
        u1_0.email,
        u1_0.last_login,
        u1_0.password_hash,
        u1_0.username 
    from
        users u1_0 
    where
        u1_0.username=?
2026-05-19 18:21:23 [http-nio-8080-exec-9] DEBUG org.hibernate.SQL - 
    select
        up1_0.id,
        up1_0.break_duration_minutes,
        up1_0.dark_mode,
        up1_0.group_similar_tasks,
        up1_0.hours_before_break,
        up1_0.max_tasks_per_day,
        up1_0.notifications_enabled,
        up1_0.peak_productivity_time,
        up1_0.reminder_minutes_before,
        up1_0.theme_color,
        up1_0.user_id,
        u1_0.id,
        u1_0.created_at,
        u1_0.email,
        u1_0.last_login,
        u1_0.password_hash,
        u1_0.username,
        up1_0.workday_end,
        up1_0.workday_start 
    from
        user_preferences up1_0 
    join
        users u1_0 
            on u1_0.id=up1_0.user_id 
    where
        up1_0.user_id=?
2026-05-19 18:21:23 [http-nio-8080-exec-9] DEBUG o.s.security.web.FilterChainProxy - Secured GET /api/study/notes
2026-05-19 18:21:23 [http-nio-8080-exec-9] DEBUG org.hibernate.SQL - 
    select
        sn1_0.id,
        sn1_0.category,
        sn1_0.content,
        sn1_0.course_id,
        sn1_0.created_at,
        sn1_0.file_path,
        sn1_0.file_type,
        sn1_0.is_favorite,
        sn1_0.last_reviewed_at,
        sn1_0.tags,
        sn1_0.title,
        sn1_0.updated_at,
        sn1_0.user_id 
    from
        study_notes sn1_0 
    where
        sn1_0.user_id=?
2026-05-19 18:21:30 [http-nio-8080-exec-10] DEBUG o.s.security.web.FilterChainProxy - Securing GET /api/study/notes
2026-05-19 18:21:30 [http-nio-8080-exec-10] DEBUG org.hibernate.SQL - 
    select
        u1_0.id,
        u1_0.created_at,
        u1_0.email,
        u1_0.last_login,
        u1_0.password_hash,
        u1_0.username 
    from
        users u1_0 
    where
        u1_0.username=?
2026-05-19 18:21:30 [http-nio-8080-exec-10] DEBUG org.hibernate.SQL - 
    select
        up1_0.id,
        up1_0.break_duration_minutes,
        up1_0.dark_mode,
        up1_0.group_similar_tasks,
        up1_0.hours_before_break,
        up1_0.max_tasks_per_day,
        up1_0.notifications_enabled,
        up1_0.peak_productivity_time,
        up1_0.reminder_minutes_before,
        up1_0.theme_color,
        up1_0.user_id,
        u1_0.id,
        u1_0.created_at,
        u1_0.email,
        u1_0.last_login,
        u1_0.password_hash,
        u1_0.username,
        up1_0.workday_end,
        up1_0.workday_start 
    from
        user_preferences up1_0 
    join
        users u1_0 
            on u1_0.id=up1_0.user_id 
    where
        up1_0.user_id=?
2026-05-19 18:21:30 [http-nio-8080-exec-10] DEBUG o.s.security.web.FilterChainProxy - Secured GET /api/study/notes
2026-05-19 18:21:30 [http-nio-8080-exec-10] DEBUG org.hibernate.SQL - 
    select
        sn1_0.id,
        sn1_0.category,
        sn1_0.content,
        sn1_0.course_id,
        sn1_0.created_at,
        sn1_0.file_path,
        sn1_0.file_type,
        sn1_0.is_favorite,
        sn1_0.last_reviewed_at,
        sn1_0.tags,
        sn1_0.title,
        sn1_0.updated_at,
        sn1_0.user_id 
    from
        study_notes sn1_0 
    where
        sn1_0.user_id=?
2026-05-19 18:21:35 [http-nio-8080-exec-1] DEBUG o.s.security.web.FilterChainProxy - Securing GET /api/tasks
2026-05-19 18:21:35 [http-nio-8080-exec-1] DEBUG org.hibernate.SQL - 
    select
        u1_0.id,
        u1_0.created_at,
        u1_0.email,
        u1_0.last_login,
        u1_0.password_hash,
        u1_0.username 
    from
        users u1_0 
    where
        u1_0.username=?
2026-05-19 18:21:35 [http-nio-8080-exec-1] DEBUG org.hibernate.SQL - 
    select
        up1_0.id,
        up1_0.break_duration_minutes,
        up1_0.dark_mode,
        up1_0.group_similar_tasks,
        up1_0.hours_before_break,
        up1_0.max_tasks_per_day,
        up1_0.notifications_enabled,
        up1_0.peak_productivity_time,
        up1_0.reminder_minutes_before,
        up1_0.theme_color,
        up1_0.user_id,
        u1_0.id,
        u1_0.created_at,
        u1_0.email,
        u1_0.last_login,
        u1_0.password_hash,
        u1_0.username,
        up1_0.workday_end,
        up1_0.workday_start 
    from
        user_preferences up1_0 
    join
        users u1_0 
            on u1_0.id=up1_0.user_id 
    where
        up1_0.user_id=?
2026-05-19 18:21:35 [http-nio-8080-exec-1] DEBUG o.s.security.web.FilterChainProxy - Secured GET /api/tasks
2026-05-19 18:21:35 [http-nio-8080-exec-1] DEBUG org.hibernate.SQL - 
    select
        t1_0.id,
        t1_0.category,
        t1_0.completed_at,
        t1_0.created_at,
        t1_0.deadline,
        t1_0.description,
        t1_0.estimated_duration_minutes,
        t1_0.priority,
        t1_0.project_id,
        t1_0.scheduled_end_time,
        t1_0.scheduled_start_time,
        t1_0.space_type,
        t1_0.status,
        t1_0.title,
        t1_0.updated_at,
        t1_0.user_id 
    from
        tasks t1_0 
    where
        t1_0.user_id=?
2026-05-19 18:23:00 [http-nio-8080-exec-4] DEBUG o.s.security.web.FilterChainProxy - Securing GET /api/tasks
2026-05-19 18:23:00 [http-nio-8080-exec-4] DEBUG org.hibernate.SQL - 
    select
        u1_0.id,
        u1_0.created_at,
        u1_0.email,
        u1_0.last_login,
        u1_0.password_hash,
        u1_0.username 
    from
        users u1_0 
    where
        u1_0.username=?
2026-05-19 18:23:00 [http-nio-8080-exec-4] DEBUG org.hibernate.SQL - 
    select
        up1_0.id,
        up1_0.break_duration_minutes,
        up1_0.dark_mode,
        up1_0.group_similar_tasks,
        up1_0.hours_before_break,
        up1_0.max_tasks_per_day,
        up1_0.notifications_enabled,
        up1_0.peak_productivity_time,
        up1_0.reminder_minutes_before,
        up1_0.theme_color,
        up1_0.user_id,
        u1_0.id,
        u1_0.created_at,
        u1_0.email,
        u1_0.last_login,
        u1_0.password_hash,
        u1_0.username,
        up1_0.workday_end,
        up1_0.workday_start 
    from
        user_preferences up1_0 
    join
        users u1_0 
            on u1_0.id=up1_0.user_id 
    where
        up1_0.user_id=?
2026-05-19 18:23:00 [http-nio-8080-exec-4] DEBUG o.s.security.web.FilterChainProxy - Secured GET /api/tasks
2026-05-19 18:23:00 [http-nio-8080-exec-4] DEBUG org.hibernate.SQL - 
    select
        t1_0.id,
        t1_0.category,
        t1_0.completed_at,
        t1_0.created_at,
        t1_0.deadline,
        t1_0.description,
        t1_0.estimated_duration_minutes,
        t1_0.priority,
        t1_0.project_id,
        t1_0.scheduled_end_time,
        t1_0.scheduled_start_time,
        t1_0.space_type,
        t1_0.status,
        t1_0.title,
        t1_0.updated_at,
        t1_0.user_id 
    from
        tasks t1_0 
    where
        t1_0.user_id=?
2026-05-19 18:23:23 [http-nio-8080-exec-6] DEBUG o.s.security.web.FilterChainProxy - Securing GET /api/study/notes
2026-05-19 18:23:23 [http-nio-8080-exec-6] DEBUG org.hibernate.SQL - 
    select
        u1_0.id,
        u1_0.created_at,
        u1_0.email,
        u1_0.last_login,
        u1_0.password_hash,
        u1_0.username 
    from
        users u1_0 
    where
        u1_0.username=?
2026-05-19 18:23:23 [http-nio-8080-exec-6] DEBUG org.hibernate.SQL - 
    select
        up1_0.id,
        up1_0.break_duration_minutes,
        up1_0.dark_mode,
        up1_0.group_similar_tasks,
        up1_0.hours_before_break,
        up1_0.max_tasks_per_day,
        up1_0.notifications_enabled,
        up1_0.peak_productivity_time,
        up1_0.reminder_minutes_before,
        up1_0.theme_color,
        up1_0.user_id,
        u1_0.id,
        u1_0.created_at,
        u1_0.email,
        u1_0.last_login,
        u1_0.password_hash,
        u1_0.username,
        up1_0.workday_end,
        up1_0.workday_start 
    from
        user_preferences up1_0 
    join
        users u1_0 
            on u1_0.id=up1_0.user_id 
    where
        up1_0.user_id=?
2026-05-19 18:23:23 [http-nio-8080-exec-6] DEBUG o.s.security.web.FilterChainProxy - Secured GET /api/study/notes
2026-05-19 18:23:23 [http-nio-8080-exec-6] DEBUG org.hibernate.SQL - 
    select
        sn1_0.id,
        sn1_0.category,
        sn1_0.content,
        sn1_0.course_id,
        sn1_0.created_at,
        sn1_0.file_path,
        sn1_0.file_type,
        sn1_0.is_favorite,
        sn1_0.last_reviewed_at,
        sn1_0.tags,
        sn1_0.title,
        sn1_0.updated_at,
        sn1_0.user_id 
    from
        study_notes sn1_0 
    where
        sn1_0.user_id=?
2026-05-19 18:24:38 [http-nio-8080-exec-8] DEBUG o.s.security.web.FilterChainProxy - Securing GET /api/tasks
2026-05-19 18:24:38 [http-nio-8080-exec-8] DEBUG org.hibernate.SQL - 
    select
        u1_0.id,
        u1_0.created_at,
        u1_0.email,
        u1_0.last_login,
        u1_0.password_hash,
        u1_0.username 
    from
        users u1_0 
    where
        u1_0.username=?
2026-05-19 18:24:38 [http-nio-8080-exec-8] DEBUG org.hibernate.SQL - 
    select
        up1_0.id,
        up1_0.break_duration_minutes,
        up1_0.dark_mode,
        up1_0.group_similar_tasks,
        up1_0.hours_before_break,
        up1_0.max_tasks_per_day,
        up1_0.notifications_enabled,
        up1_0.peak_productivity_time,
        up1_0.reminder_minutes_before,
        up1_0.theme_color,
        up1_0.user_id,
        u1_0.id,
        u1_0.created_at,
        u1_0.email,
        u1_0.last_login,
        u1_0.password_hash,
        u1_0.username,
        up1_0.workday_end,
        up1_0.workday_start 
    from
        user_preferences up1_0 
    join
        users u1_0 
            on u1_0.id=up1_0.user_id 
    where
        up1_0.user_id=?
2026-05-19 18:24:38 [http-nio-8080-exec-8] DEBUG o.s.security.web.FilterChainProxy - Secured GET /api/tasks
2026-05-19 18:24:38 [http-nio-8080-exec-8] DEBUG org.hibernate.SQL - 
    select
        t1_0.id,
        t1_0.category,
        t1_0.completed_at,
        t1_0.created_at,
        t1_0.deadline,
        t1_0.description,
        t1_0.estimated_duration_minutes,
        t1_0.priority,
        t1_0.project_id,
        t1_0.scheduled_end_time,
        t1_0.scheduled_start_time,
        t1_0.space_type,
        t1_0.status,
        t1_0.title,
        t1_0.updated_at,
        t1_0.user_id 
    from
        tasks t1_0 
    where
        t1_0.user_id=?
2026-05-19 18:24:40 [http-nio-8080-exec-9] DEBUG o.s.security.web.FilterChainProxy - Securing GET /api/study/notes
2026-05-19 18:24:40 [http-nio-8080-exec-9] DEBUG org.hibernate.SQL - 
    select
        u1_0.id,
        u1_0.created_at,
        u1_0.email,
        u1_0.last_login,
        u1_0.password_hash,
        u1_0.username 
    from
        users u1_0 
    where
        u1_0.username=?
2026-05-19 18:24:40 [http-nio-8080-exec-9] DEBUG org.hibernate.SQL - 
    select
        up1_0.id,
        up1_0.break_duration_minutes,
        up1_0.dark_mode,
        up1_0.group_similar_tasks,
        up1_0.hours_before_break,
        up1_0.max_tasks_per_day,
        up1_0.notifications_enabled,
        up1_0.peak_productivity_time,
        up1_0.reminder_minutes_before,
        up1_0.theme_color,
        up1_0.user_id,
        u1_0.id,
        u1_0.created_at,
        u1_0.email,
        u1_0.last_login,
        u1_0.password_hash,
        u1_0.username,
        up1_0.workday_end,
        up1_0.workday_start 
    from
        user_preferences up1_0 
    join
        users u1_0 
            on u1_0.id=up1_0.user_id 
    where
        up1_0.user_id=?
2026-05-19 18:24:40 [http-nio-8080-exec-9] DEBUG o.s.security.web.FilterChainProxy - Secured GET /api/study/notes
2026-05-19 18:24:40 [http-nio-8080-exec-9] DEBUG org.hibernate.SQL - 
    select
        sn1_0.id,
        sn1_0.category,
        sn1_0.content,
        sn1_0.course_id,
        sn1_0.created_at,
        sn1_0.file_path,
        sn1_0.file_type,
        sn1_0.is_favorite,
        sn1_0.last_reviewed_at,
        sn1_0.tags,
        sn1_0.title,
        sn1_0.updated_at,
        sn1_0.user_id 
    from
        study_notes sn1_0 
    where
        sn1_0.user_id=?
2026-05-19 18:25:21 [http-nio-8080-exec-2] DEBUG o.s.security.web.FilterChainProxy - Securing GET /api/study/notes
2026-05-19 18:25:21 [http-nio-8080-exec-2] DEBUG org.hibernate.SQL - 
    select
        u1_0.id,
        u1_0.created_at,
        u1_0.email,
        u1_0.last_login,
        u1_0.password_hash,
        u1_0.username 
    from
        users u1_0 
    where
        u1_0.username=?
2026-05-19 18:25:21 [http-nio-8080-exec-2] DEBUG org.hibernate.SQL - 
    select
        up1_0.id,
        up1_0.break_duration_minutes,
        up1_0.dark_mode,
        up1_0.group_similar_tasks,
        up1_0.hours_before_break,
        up1_0.max_tasks_per_day,
        up1_0.notifications_enabled,
        up1_0.peak_productivity_time,
        up1_0.reminder_minutes_before,
        up1_0.theme_color,
        up1_0.user_id,
        u1_0.id,
        u1_0.created_at,
        u1_0.email,
        u1_0.last_login,
        u1_0.password_hash,
        u1_0.username,
        up1_0.workday_end,
        up1_0.workday_start 
    from
        user_preferences up1_0 
    join
        users u1_0 
            on u1_0.id=up1_0.user_id 
    where
        up1_0.user_id=?
2026-05-19 18:25:21 [http-nio-8080-exec-2] DEBUG o.s.security.web.FilterChainProxy - Secured GET /api/study/notes
2026-05-19 18:25:21 [http-nio-8080-exec-2] DEBUG org.hibernate.SQL - 
    select
        sn1_0.id,
        sn1_0.category,
        sn1_0.content,
        sn1_0.course_id,
        sn1_0.created_at,
        sn1_0.file_path,
        sn1_0.file_type,
        sn1_0.is_favorite,
        sn1_0.last_reviewed_at,
        sn1_0.tags,
        sn1_0.title,
        sn1_0.updated_at,
        sn1_0.user_id 
    from
        study_notes sn1_0 
    where
        sn1_0.user_id=?
2026-05-19 18:25:52 [http-nio-8080-exec-4] DEBUG o.s.security.web.FilterChainProxy - Securing GET /api/study/notes
2026-05-19 18:25:52 [http-nio-8080-exec-4] DEBUG org.hibernate.SQL - 
    select
        u1_0.id,
        u1_0.created_at,
        u1_0.email,
        u1_0.last_login,
        u1_0.password_hash,
        u1_0.username 
    from
        users u1_0 
    where
        u1_0.username=?
2026-05-19 18:25:52 [http-nio-8080-exec-4] DEBUG org.hibernate.SQL - 
    select
        up1_0.id,
        up1_0.break_duration_minutes,
        up1_0.dark_mode,
        up1_0.group_similar_tasks,
        up1_0.hours_before_break,
        up1_0.max_tasks_per_day,
        up1_0.notifications_enabled,
        up1_0.peak_productivity_time,
        up1_0.reminder_minutes_before,
        up1_0.theme_color,
        up1_0.user_id,
        u1_0.id,
        u1_0.created_at,
        u1_0.email,
        u1_0.last_login,
        u1_0.password_hash,
        u1_0.username,
        up1_0.workday_end,
        up1_0.workday_start 
    from
        user_preferences up1_0 
    join
        users u1_0 
            on u1_0.id=up1_0.user_id 
    where
        up1_0.user_id=?
2026-05-19 18:25:52 [http-nio-8080-exec-4] DEBUG o.s.security.web.FilterChainProxy - Secured GET /api/study/notes
2026-05-19 18:25:52 [http-nio-8080-exec-4] DEBUG org.hibernate.SQL - 
    select
        sn1_0.id,
        sn1_0.category,
        sn1_0.content,
        sn1_0.course_id,
        sn1_0.created_at,
        sn1_0.file_path,
        sn1_0.file_type,
        sn1_0.is_favorite,
        sn1_0.last_reviewed_at,
        sn1_0.tags,
        sn1_0.title,
        sn1_0.updated_at,
        sn1_0.user_id 
    from
        study_notes sn1_0 
    where
        sn1_0.user_id=?
2026-05-19 18:26:55 [http-nio-8080-exec-6] DEBUG o.s.security.web.FilterChainProxy - Securing GET /api/study/notes
2026-05-19 18:26:55 [http-nio-8080-exec-6] DEBUG org.hibernate.SQL - 
    select
        u1_0.id,
        u1_0.created_at,
        u1_0.email,
        u1_0.last_login,
        u1_0.password_hash,
        u1_0.username 
    from
        users u1_0 
    where
        u1_0.username=?
2026-05-19 18:26:55 [http-nio-8080-exec-6] DEBUG org.hibernate.SQL - 
    select
        up1_0.id,
        up1_0.break_duration_minutes,
        up1_0.dark_mode,
        up1_0.group_similar_tasks,
        up1_0.hours_before_break,
        up1_0.max_tasks_per_day,
        up1_0.notifications_enabled,
        up1_0.peak_productivity_time,
        up1_0.reminder_minutes_before,
        up1_0.theme_color,
        up1_0.user_id,
        u1_0.id,
        u1_0.created_at,
        u1_0.email,
        u1_0.last_login,
        u1_0.password_hash,
        u1_0.username,
        up1_0.workday_end,
        up1_0.workday_start 
    from
        user_preferences up1_0 
    join
        users u1_0 
            on u1_0.id=up1_0.user_id 
    where
        up1_0.user_id=?
2026-05-19 18:26:55 [http-nio-8080-exec-6] DEBUG o.s.security.web.FilterChainProxy - Secured GET /api/study/notes
2026-05-19 18:26:55 [http-nio-8080-exec-6] DEBUG org.hibernate.SQL - 
    select
        sn1_0.id,
        sn1_0.category,
        sn1_0.content,
        sn1_0.course_id,
        sn1_0.created_at,
        sn1_0.file_path,
        sn1_0.file_type,
        sn1_0.is_favorite,
        sn1_0.last_reviewed_at,
        sn1_0.tags,
        sn1_0.title,
        sn1_0.updated_at,
        sn1_0.user_id 
    from
        study_notes sn1_0 
    where
        sn1_0.user_id=?
2026-05-19 18:26:57 [http-nio-8080-exec-7] DEBUG o.s.security.web.FilterChainProxy - Securing GET /api/tasks
2026-05-19 18:26:57 [http-nio-8080-exec-7] DEBUG org.hibernate.SQL - 
    select
        u1_0.id,
        u1_0.created_at,
        u1_0.email,
        u1_0.last_login,
        u1_0.password_hash,
        u1_0.username 
    from
        users u1_0 
    where
        u1_0.username=?
2026-05-19 18:26:57 [http-nio-8080-exec-7] DEBUG org.hibernate.SQL - 
    select
        up1_0.id,
        up1_0.break_duration_minutes,
        up1_0.dark_mode,
        up1_0.group_similar_tasks,
        up1_0.hours_before_break,
        up1_0.max_tasks_per_day,
        up1_0.notifications_enabled,
        up1_0.peak_productivity_time,
        up1_0.reminder_minutes_before,
        up1_0.theme_color,
        up1_0.user_id,
        u1_0.id,
        u1_0.created_at,
        u1_0.email,
        u1_0.last_login,
        u1_0.password_hash,
        u1_0.username,
        up1_0.workday_end,
        up1_0.workday_start 
    from
        user_preferences up1_0 
    join
        users u1_0 
            on u1_0.id=up1_0.user_id 
    where
        up1_0.user_id=?
2026-05-19 18:26:57 [http-nio-8080-exec-7] DEBUG o.s.security.web.FilterChainProxy - Secured GET /api/tasks
2026-05-19 18:26:57 [http-nio-8080-exec-7] DEBUG org.hibernate.SQL - 
    select
        t1_0.id,
        t1_0.category,
        t1_0.completed_at,
        t1_0.created_at,
        t1_0.deadline,
        t1_0.description,
        t1_0.estimated_duration_minutes,
        t1_0.priority,
        t1_0.project_id,
        t1_0.scheduled_end_time,
        t1_0.scheduled_start_time,
        t1_0.space_type,
        t1_0.status,
        t1_0.title,
        t1_0.updated_at,
        t1_0.user_id 
    from
        tasks t1_0 
    where
        t1_0.user_id=?
2026-05-19 18:26:57 [http-nio-8080-exec-8] DEBUG o.s.security.web.FilterChainProxy - Securing GET /api/calendar/events?startDate=2026-05-01T00:00:00.000&endDate=2026-05-31T23:59:59.000
2026-05-19 18:26:57 [http-nio-8080-exec-8] DEBUG org.hibernate.SQL - 
    select
        u1_0.id,
        u1_0.created_at,
        u1_0.email,
        u1_0.last_login,
        u1_0.password_hash,
        u1_0.username 
    from
        users u1_0 
    where
        u1_0.username=?
2026-05-19 18:26:57 [http-nio-8080-exec-8] DEBUG org.hibernate.SQL - 
    select
        up1_0.id,
        up1_0.break_duration_minutes,
        up1_0.dark_mode,
        up1_0.group_similar_tasks,
        up1_0.hours_before_break,
        up1_0.max_tasks_per_day,
        up1_0.notifications_enabled,
        up1_0.peak_productivity_time,
        up1_0.reminder_minutes_before,
        up1_0.theme_color,
        up1_0.user_id,
        u1_0.id,
        u1_0.created_at,
        u1_0.email,
        u1_0.last_login,
        u1_0.password_hash,
        u1_0.username,
        up1_0.workday_end,
        up1_0.workday_start 
    from
        user_preferences up1_0 
    join
        users u1_0 
            on u1_0.id=up1_0.user_id 
    where
        up1_0.user_id=?
2026-05-19 18:26:57 [http-nio-8080-exec-8] DEBUG o.s.security.web.FilterChainProxy - Secured GET /api/calendar/events?startDate=2026-05-01T00:00:00.000&endDate=2026-05-31T23:59:59.000
2026-05-19 18:26:57 [http-nio-8080-exec-8] DEBUG org.hibernate.SQL - 
    select
        ce1_0.id,
        ce1_0.color,
        ce1_0.created_at,
        ce1_0.description,
        ce1_0.end_time,
        ce1_0.event_type,
        ce1_0.is_fixed,
        ce1_0.location,
        ce1_0.notes,
        ce1_0.related_habit_id,
        ce1_0.related_task_id,
        ce1_0.related_workout_id,
        ce1_0.start_time,
        ce1_0.title,
        ce1_0.updated_at,
        ce1_0.user_id 
    from
        calendar_events ce1_0 
    where
        ce1_0.user_id=? 
        and ce1_0.start_time between ? and ?
2026-05-19 18:26:58 [http-nio-8080-exec-9] DEBUG o.s.security.web.FilterChainProxy - Securing GET /api/study/notes
2026-05-19 18:26:58 [http-nio-8080-exec-9] DEBUG org.hibernate.SQL - 
    select
        u1_0.id,
        u1_0.created_at,
        u1_0.email,
        u1_0.last_login,
        u1_0.password_hash,
        u1_0.username 
    from
        users u1_0 
    where
        u1_0.username=?
2026-05-19 18:26:58 [http-nio-8080-exec-9] DEBUG org.hibernate.SQL - 
    select
        up1_0.id,
        up1_0.break_duration_minutes,
        up1_0.dark_mode,
        up1_0.group_similar_tasks,
        up1_0.hours_before_break,
        up1_0.max_tasks_per_day,
        up1_0.notifications_enabled,
        up1_0.peak_productivity_time,
        up1_0.reminder_minutes_before,
        up1_0.theme_color,
        up1_0.user_id,
        u1_0.id,
        u1_0.created_at,
        u1_0.email,
        u1_0.last_login,
        u1_0.password_hash,
        u1_0.username,
        up1_0.workday_end,
        up1_0.workday_start 
    from
        user_preferences up1_0 
    join
        users u1_0 
            on u1_0.id=up1_0.user_id 
    where
        up1_0.user_id=?
2026-05-19 18:26:58 [http-nio-8080-exec-9] DEBUG o.s.security.web.FilterChainProxy - Secured GET /api/study/notes
2026-05-19 18:26:58 [http-nio-8080-exec-9] DEBUG org.hibernate.SQL - 
    select
        sn1_0.id,
        sn1_0.category,
        sn1_0.content,
        sn1_0.course_id,
        sn1_0.created_at,
        sn1_0.file_path,
        sn1_0.file_type,
        sn1_0.is_favorite,
        sn1_0.last_reviewed_at,
        sn1_0.tags,
        sn1_0.title,
        sn1_0.updated_at,
        sn1_0.user_id 
    from
        study_notes sn1_0 
    where
        sn1_0.user_id=?
2026-05-19 18:27:01 [http-nio-8080-exec-10] DEBUG o.s.security.web.FilterChainProxy - Securing GET /api/study/notes
2026-05-19 18:27:01 [http-nio-8080-exec-10] DEBUG org.hibernate.SQL - 
    select
        u1_0.id,
        u1_0.created_at,
        u1_0.email,
        u1_0.last_login,
        u1_0.password_hash,
        u1_0.username 
    from
        users u1_0 
    where
        u1_0.username=?
2026-05-19 18:27:01 [http-nio-8080-exec-10] DEBUG org.hibernate.SQL - 
    select
        up1_0.id,
        up1_0.break_duration_minutes,
        up1_0.dark_mode,
        up1_0.group_similar_tasks,
        up1_0.hours_before_break,
        up1_0.max_tasks_per_day,
        up1_0.notifications_enabled,
        up1_0.peak_productivity_time,
        up1_0.reminder_minutes_before,
        up1_0.theme_color,
        up1_0.user_id,
        u1_0.id,
        u1_0.created_at,
        u1_0.email,
        u1_0.last_login,
        u1_0.password_hash,
        u1_0.username,
        up1_0.workday_end,
        up1_0.workday_start 
    from
        user_preferences up1_0 
    join
        users u1_0 
            on u1_0.id=up1_0.user_id 
    where
        up1_0.user_id=?
2026-05-19 18:27:01 [http-nio-8080-exec-10] DEBUG o.s.security.web.FilterChainProxy - Secured GET /api/study/notes
2026-05-19 18:27:01 [http-nio-8080-exec-10] DEBUG org.hibernate.SQL - 
    select
        sn1_0.id,
        sn1_0.category,
        sn1_0.content,
        sn1_0.course_id,
        sn1_0.created_at,
        sn1_0.file_path,
        sn1_0.file_type,
        sn1_0.is_favorite,
        sn1_0.last_reviewed_at,
        sn1_0.tags,
        sn1_0.title,
        sn1_0.updated_at,
        sn1_0.user_id 
    from
        study_notes sn1_0 
    where
        sn1_0.user_id=?
2026-05-19 19:18:27 [SpringApplicationShutdownHook] INFO  o.s.o.j.LocalContainerEntityManagerFactoryBean - Closing JPA EntityManagerFactory for persistence unit 'default'
2026-05-19 19:18:27 [SpringApplicationShutdownHook] INFO  com.zaxxer.hikari.HikariDataSource - HikariPool-1 - Shutdown initiated...
2026-05-19 19:18:27 [SpringApplicationShutdownHook] INFO  com.zaxxer.hikari.HikariDataSource - HikariPool-1 - Shutdown completed.
2026-05-19 19:36:49 [restartedMain] INFO  c.F.e.EverythingAppApplication - Starting EverythingAppApplication using Java 17.0.18 with PID 18814 (/home/finn/Dokumente/Projekte/Everything-app/Everything-app-backend/everything-app/target/classes started by finn in /home/finn/Dokumente/Projekte/Everything-app/Everything-app-backend/everything-app)
2026-05-19 19:36:49 [restartedMain] DEBUG c.F.e.EverythingAppApplication - Running with Spring Boot v3.2.0, Spring v6.1.1
2026-05-19 19:36:49 [restartedMain] INFO  c.F.e.EverythingAppApplication - The following 1 profile is active: "development"
2026-05-19 19:36:49 [restartedMain] INFO  o.s.b.d.e.DevToolsPropertyDefaultsPostProcessor - Devtools property defaults active! Set 'spring.devtools.add-properties' to 'false' to disable
2026-05-19 19:36:49 [restartedMain] INFO  o.s.b.d.e.DevToolsPropertyDefaultsPostProcessor - For additional web related logging consider setting the 'logging.level.web' property to 'DEBUG'
2026-05-19 19:36:49 [restartedMain] INFO  o.s.d.r.c.RepositoryConfigurationDelegate - Bootstrapping Spring Data JPA repositories in DEFAULT mode.
2026-05-19 19:36:49 [restartedMain] INFO  o.s.d.r.c.RepositoryConfigurationDelegate - Finished Spring Data repository scanning in 51 ms. Found 21 JPA repository interfaces.
2026-05-19 19:36:50 [restartedMain] INFO  o.s.b.w.e.tomcat.TomcatWebServer - Tomcat initialized with port 8080 (http)
2026-05-19 19:36:50 [restartedMain] INFO  o.a.catalina.core.StandardService - Starting service [Tomcat]
2026-05-19 19:36:50 [restartedMain] INFO  o.a.catalina.core.StandardEngine - Starting Servlet engine: [Apache Tomcat/10.1.16]
2026-05-19 19:36:50 [restartedMain] INFO  o.a.c.c.C.[Tomcat].[localhost].[/] - Initializing Spring embedded WebApplicationContext
2026-05-19 19:36:50 [restartedMain] INFO  o.s.b.w.s.c.ServletWebServerApplicationContext - Root WebApplicationContext: initialization completed in 841 ms
2026-05-19 19:36:50 [restartedMain] INFO  o.h.jpa.internal.util.LogHelper - HHH000204: Processing PersistenceUnitInfo [name: default]
2026-05-19 19:36:50 [restartedMain] INFO  org.hibernate.Version - HHH000412: Hibernate ORM core version 6.3.1.Final
2026-05-19 19:36:50 [restartedMain] INFO  o.h.c.i.RegionFactoryInitiator - HHH000026: Second-level cache disabled
2026-05-19 19:36:50 [restartedMain] INFO  o.s.o.j.p.SpringPersistenceUnitInfo - No LoadTimeWeaver setup: ignoring JPA class transformer
2026-05-19 19:36:50 [restartedMain] INFO  com.zaxxer.hikari.HikariDataSource - HikariPool-1 - Starting...
2026-05-19 19:36:50 [restartedMain] INFO  com.zaxxer.hikari.pool.HikariPool - HikariPool-1 - Added connection org.postgresql.jdbc.PgConnection@65cb587e
2026-05-19 19:36:50 [restartedMain] INFO  com.zaxxer.hikari.HikariDataSource - HikariPool-1 - Start completed.
2026-05-19 19:36:50 [restartedMain] WARN  org.hibernate.orm.deprecation - HHH90000025: PostgreSQLDialect does not need to be specified explicitly using 'hibernate.dialect' (remove the property setting and it will be selected by default)
2026-05-19 19:36:51 [restartedMain] INFO  o.h.e.t.j.p.i.JtaPlatformInitiator - HHH000489: No JTA platform available (set 'hibernate.transaction.jta.platform' to enable JTA platform integration)
2026-05-19 19:36:51 [restartedMain] INFO  o.s.o.j.LocalContainerEntityManagerFactoryBean - Initialized JPA EntityManagerFactory for persistence unit 'default'
2026-05-19 19:36:51 [restartedMain] DEBUG c.F.e.s.JwtAuthenticationFilter - Filter 'jwtAuthenticationFilter' configured for use
2026-05-19 19:36:51 [restartedMain] INFO  o.s.d.j.r.query.QueryEnhancerFactory - Hibernate is in classpath; If applicable, HQL parser will be used.
2026-05-19 19:36:53 [restartedMain] WARN  o.s.b.a.o.j.JpaBaseConfiguration$JpaWebConfiguration - spring.jpa.open-in-view is enabled by default. Therefore, database queries may be performed during view rendering. Explicitly configure spring.jpa.open-in-view to disable this warning
2026-05-19 19:36:53 [restartedMain] INFO  o.s.s.web.DefaultSecurityFilterChain - Will secure any request with [org.springframework.security.web.session.DisableEncodeUrlFilter@6bbc934b, org.springframework.security.web.context.request.async.WebAsyncManagerIntegrationFilter@47e13715, org.springframework.security.web.context.SecurityContextHolderFilter@34f250af, org.springframework.security.web.header.HeaderWriterFilter@7e9182f1, org.springframework.web.filter.CorsFilter@77951570, org.springframework.security.web.authentication.logout.LogoutFilter@14de2556, com.Finn.everything_app.security.JwtAuthenticationFilter@11512e59, org.springframework.security.web.savedrequest.RequestCacheAwareFilter@521326a1, org.springframework.security.web.servletapi.SecurityContextHolderAwareRequestFilter@35221e9c, org.springframework.security.web.authentication.AnonymousAuthenticationFilter@1586ccaa, org.springframework.security.web.session.SessionManagementFilter@783d71bd, org.springframework.security.web.access.ExceptionTranslationFilter@1ec62af6, org.springframework.security.web.access.intercept.AuthorizationFilter@1a76c0e1]
2026-05-19 19:36:53 [restartedMain] INFO  o.s.b.d.a.OptionalLiveReloadServer - LiveReload server is running on port 35729
2026-05-19 19:36:53 [restartedMain] INFO  o.s.b.w.e.tomcat.TomcatWebServer - Tomcat started on port 8080 (http) with context path ''
2026-05-19 19:36:53 [restartedMain] INFO  c.F.e.EverythingAppApplication - Started EverythingAppApplication in 4.406 seconds (process running for 4.625)
2026-05-19 19:39:56 [http-nio-8080-exec-1] INFO  o.a.c.c.C.[Tomcat].[localhost].[/] - Initializing Spring DispatcherServlet 'dispatcherServlet'
2026-05-19 19:39:56 [http-nio-8080-exec-1] INFO  o.s.web.servlet.DispatcherServlet - Initializing Servlet 'dispatcherServlet'
2026-05-19 19:39:56 [http-nio-8080-exec-1] INFO  o.s.web.servlet.DispatcherServlet - Completed initialization in 2 ms
2026-05-19 19:39:56 [http-nio-8080-exec-1] DEBUG o.s.security.web.FilterChainProxy - Securing POST /api/auth/dev-login
2026-05-19 19:39:56 [http-nio-8080-exec-1] DEBUG org.hibernate.SQL - 
    select
        u1_0.id,
        u1_0.created_at,
        u1_0.email,
        u1_0.last_login,
        u1_0.password_hash,
        u1_0.username 
    from
        users u1_0 
    where
        u1_0.username=?
2026-05-19 19:39:56 [http-nio-8080-exec-1] DEBUG org.hibernate.SQL - 
    select
        up1_0.id,
        up1_0.break_duration_minutes,
        up1_0.dark_mode,
        up1_0.group_similar_tasks,
        up1_0.hours_before_break,
        up1_0.max_tasks_per_day,
        up1_0.notifications_enabled,
        up1_0.peak_productivity_time,
        up1_0.reminder_minutes_before,
        up1_0.theme_color,
        up1_0.user_id,
        u1_0.id,
        u1_0.created_at,
        u1_0.email,
        u1_0.last_login,
        u1_0.password_hash,
        u1_0.username,
        up1_0.workday_end,
        up1_0.workday_start 
    from
        user_preferences up1_0 
    join
        users u1_0 
            on u1_0.id=up1_0.user_id 
    where
        up1_0.user_id=?
2026-05-19 19:39:56 [http-nio-8080-exec-1] WARN  o.s.w.s.h.HandlerMappingIntrospector - Cache miss for REQUEST dispatch to '/api/auth/dev-login' (previous null). Performing MatchableHandlerMapping lookup. This is logged once only at WARN level, and every time at TRACE.
2026-05-19 19:39:56 [http-nio-8080-exec-1] DEBUG o.s.security.web.FilterChainProxy - Secured POST /api/auth/dev-login
2026-05-19 19:39:56 [http-nio-8080-exec-1] DEBUG org.hibernate.SQL - 
    select
        u1_0.id,
        u1_0.created_at,
        u1_0.email,
        u1_0.last_login,
        u1_0.password_hash,
        u1_0.username 
    from
        users u1_0 
    where
        u1_0.username=?
2026-05-19 19:39:56 [http-nio-8080-exec-1] DEBUG org.hibernate.SQL - 
    select
        up1_0.id,
        up1_0.break_duration_minutes,
        up1_0.dark_mode,
        up1_0.group_similar_tasks,
        up1_0.hours_before_break,
        up1_0.max_tasks_per_day,
        up1_0.notifications_enabled,
        up1_0.peak_productivity_time,
        up1_0.reminder_minutes_before,
        up1_0.theme_color,
        up1_0.user_id,
        u1_0.id,
        u1_0.created_at,
        u1_0.email,
        u1_0.last_login,
        u1_0.password_hash,
        u1_0.username,
        up1_0.workday_end,
        up1_0.workday_start 
    from
        user_preferences up1_0 
    join
        users u1_0 
            on u1_0.id=up1_0.user_id 
    where
        up1_0.user_id=?
2026-05-19 19:39:56 [http-nio-8080-exec-1] DEBUG org.hibernate.SQL - 
    update
        users 
    set
        created_at=?,
        email=?,
        last_login=?,
        password_hash=?,
        username=? 
    where
        id=?
2026-05-19 19:39:56 [http-nio-8080-exec-2] DEBUG o.s.security.web.FilterChainProxy - Securing GET /api/tasks
2026-05-19 19:39:56 [http-nio-8080-exec-2] DEBUG org.hibernate.SQL - 
    select
        u1_0.id,
        u1_0.created_at,
        u1_0.email,
        u1_0.last_login,
        u1_0.password_hash,
        u1_0.username 
    from
        users u1_0 
    where
        u1_0.username=?
2026-05-19 19:39:56 [http-nio-8080-exec-2] DEBUG org.hibernate.SQL - 
    select
        up1_0.id,
        up1_0.break_duration_minutes,
        up1_0.dark_mode,
        up1_0.group_similar_tasks,
        up1_0.hours_before_break,
        up1_0.max_tasks_per_day,
        up1_0.notifications_enabled,
        up1_0.peak_productivity_time,
        up1_0.reminder_minutes_before,
        up1_0.theme_color,
        up1_0.user_id,
        u1_0.id,
        u1_0.created_at,
        u1_0.email,
        u1_0.last_login,
        u1_0.password_hash,
        u1_0.username,
        up1_0.workday_end,
        up1_0.workday_start 
    from
        user_preferences up1_0 
    join
        users u1_0 
            on u1_0.id=up1_0.user_id 
    where
        up1_0.user_id=?
2026-05-19 19:39:56 [http-nio-8080-exec-2] DEBUG o.s.security.web.FilterChainProxy - Secured GET /api/tasks
2026-05-19 19:39:56 [http-nio-8080-exec-2] DEBUG org.hibernate.SQL - 
    select
        t1_0.id,
        t1_0.category,
        t1_0.completed_at,
        t1_0.created_at,
        t1_0.deadline,
        t1_0.description,
        t1_0.estimated_duration_minutes,
        t1_0.priority,
        t1_0.project_id,
        t1_0.scheduled_end_time,
        t1_0.scheduled_start_time,
        t1_0.space_type,
        t1_0.status,
        t1_0.title,
        t1_0.updated_at,
        t1_0.user_id 
    from
        tasks t1_0 
    where
        t1_0.user_id=?
2026-05-19 19:39:56 [http-nio-8080-exec-3] DEBUG o.s.security.web.FilterChainProxy - Securing GET /api/calendar/events?startDate=2026-05-01T00:00:00.000&endDate=2026-05-31T23:59:59.000
2026-05-19 19:39:56 [http-nio-8080-exec-3] DEBUG org.hibernate.SQL - 
    select
        u1_0.id,
        u1_0.created_at,
        u1_0.email,
        u1_0.last_login,
        u1_0.password_hash,
        u1_0.username 
    from
        users u1_0 
    where
        u1_0.username=?
2026-05-19 19:39:56 [http-nio-8080-exec-3] DEBUG org.hibernate.SQL - 
    select
        up1_0.id,
        up1_0.break_duration_minutes,
        up1_0.dark_mode,
        up1_0.group_similar_tasks,
        up1_0.hours_before_break,
        up1_0.max_tasks_per_day,
        up1_0.notifications_enabled,
        up1_0.peak_productivity_time,
        up1_0.reminder_minutes_before,
        up1_0.theme_color,
        up1_0.user_id,
        u1_0.id,
        u1_0.created_at,
        u1_0.email,
        u1_0.last_login,
        u1_0.password_hash,
        u1_0.username,
        up1_0.workday_end,
        up1_0.workday_start 
    from
        user_preferences up1_0 
    join
        users u1_0 
            on u1_0.id=up1_0.user_id 
    where
        up1_0.user_id=?
2026-05-19 19:39:56 [http-nio-8080-exec-3] DEBUG o.s.security.web.FilterChainProxy - Secured GET /api/calendar/events?startDate=2026-05-01T00:00:00.000&endDate=2026-05-31T23:59:59.000
2026-05-19 19:39:56 [http-nio-8080-exec-3] DEBUG org.hibernate.SQL - 
    select
        ce1_0.id,
        ce1_0.color,
        ce1_0.created_at,
        ce1_0.description,
        ce1_0.end_time,
        ce1_0.event_type,
        ce1_0.is_fixed,
        ce1_0.location,
        ce1_0.notes,
        ce1_0.related_habit_id,
        ce1_0.related_task_id,
        ce1_0.related_workout_id,
        ce1_0.start_time,
        ce1_0.title,
        ce1_0.updated_at,
        ce1_0.user_id 
    from
        calendar_events ce1_0 
    where
        ce1_0.user_id=? 
        and ce1_0.start_time between ? and ?
2026-05-19 19:39:58 [http-nio-8080-exec-4] DEBUG o.s.security.web.FilterChainProxy - Securing GET /api/study/notes
2026-05-19 19:39:58 [http-nio-8080-exec-4] DEBUG org.hibernate.SQL - 
    select
        u1_0.id,
        u1_0.created_at,
        u1_0.email,
        u1_0.last_login,
        u1_0.password_hash,
        u1_0.username 
    from
        users u1_0 
    where
        u1_0.username=?
2026-05-19 19:39:58 [http-nio-8080-exec-4] DEBUG org.hibernate.SQL - 
    select
        up1_0.id,
        up1_0.break_duration_minutes,
        up1_0.dark_mode,
        up1_0.group_similar_tasks,
        up1_0.hours_before_break,
        up1_0.max_tasks_per_day,
        up1_0.notifications_enabled,
        up1_0.peak_productivity_time,
        up1_0.reminder_minutes_before,
        up1_0.theme_color,
        up1_0.user_id,
        u1_0.id,
        u1_0.created_at,
        u1_0.email,
        u1_0.last_login,
        u1_0.password_hash,
        u1_0.username,
        up1_0.workday_end,
        up1_0.workday_start 
    from
        user_preferences up1_0 
    join
        users u1_0 
            on u1_0.id=up1_0.user_id 
    where
        up1_0.user_id=?
2026-05-19 19:39:58 [http-nio-8080-exec-4] DEBUG o.s.security.web.FilterChainProxy - Secured GET /api/study/notes
2026-05-19 19:39:58 [http-nio-8080-exec-4] DEBUG org.hibernate.SQL - 
    select
        sn1_0.id,
        sn1_0.category,
        sn1_0.content,
        sn1_0.course_id,
        sn1_0.created_at,
        sn1_0.file_path,
        sn1_0.file_type,
        sn1_0.is_favorite,
        sn1_0.last_reviewed_at,
        sn1_0.tags,
        sn1_0.title,
        sn1_0.updated_at,
        sn1_0.user_id 
    from
        study_notes sn1_0 
    where
        sn1_0.user_id=?
2026-05-19 19:54:11 [http-nio-8080-exec-9] DEBUG o.s.security.web.FilterChainProxy - Securing POST /api/auth/dev-login
2026-05-19 19:54:11 [http-nio-8080-exec-9] DEBUG org.hibernate.SQL - 
    select
        u1_0.id,
        u1_0.created_at,
        u1_0.email,
        u1_0.last_login,
        u1_0.password_hash,
        u1_0.username 
    from
        users u1_0 
    where
        u1_0.username=?
2026-05-19 19:54:11 [http-nio-8080-exec-9] DEBUG org.hibernate.SQL - 
    select
        up1_0.id,
        up1_0.break_duration_minutes,
        up1_0.dark_mode,
        up1_0.group_similar_tasks,
        up1_0.hours_before_break,
        up1_0.max_tasks_per_day,
        up1_0.notifications_enabled,
        up1_0.peak_productivity_time,
        up1_0.reminder_minutes_before,
        up1_0.theme_color,
        up1_0.user_id,
        u1_0.id,
        u1_0.created_at,
        u1_0.email,
        u1_0.last_login,
        u1_0.password_hash,
        u1_0.username,
        up1_0.workday_end,
        up1_0.workday_start 
    from
        user_preferences up1_0 
    join
        users u1_0 
            on u1_0.id=up1_0.user_id 
    where
        up1_0.user_id=?
2026-05-19 19:54:11 [http-nio-8080-exec-9] DEBUG o.s.security.web.FilterChainProxy - Secured POST /api/auth/dev-login
2026-05-19 19:54:11 [http-nio-8080-exec-9] DEBUG org.hibernate.SQL - 
    select
        u1_0.id,
        u1_0.created_at,
        u1_0.email,
        u1_0.last_login,
        u1_0.password_hash,
        u1_0.username 
    from
        users u1_0 
    where
        u1_0.username=?
2026-05-19 19:54:11 [http-nio-8080-exec-9] DEBUG org.hibernate.SQL - 
    select
        up1_0.id,
        up1_0.break_duration_minutes,
        up1_0.dark_mode,
        up1_0.group_similar_tasks,
        up1_0.hours_before_break,
        up1_0.max_tasks_per_day,
        up1_0.notifications_enabled,
        up1_0.peak_productivity_time,
        up1_0.reminder_minutes_before,
        up1_0.theme_color,
        up1_0.user_id,
        u1_0.id,
        u1_0.created_at,
        u1_0.email,
        u1_0.last_login,
        u1_0.password_hash,
        u1_0.username,
        up1_0.workday_end,
        up1_0.workday_start 
    from
        user_preferences up1_0 
    join
        users u1_0 
            on u1_0.id=up1_0.user_id 
    where
        up1_0.user_id=?
2026-05-19 19:54:11 [http-nio-8080-exec-9] DEBUG org.hibernate.SQL - 
    update
        users 
    set
        created_at=?,
        email=?,
        last_login=?,
        password_hash=?,
        username=? 
    where
        id=?
2026-05-19 19:54:11 [http-nio-8080-exec-10] DEBUG o.s.security.web.FilterChainProxy - Securing GET /api/tasks
2026-05-19 19:54:11 [http-nio-8080-exec-10] DEBUG org.hibernate.SQL - 
    select
        u1_0.id,
        u1_0.created_at,
        u1_0.email,
        u1_0.last_login,
        u1_0.password_hash,
        u1_0.username 
    from
        users u1_0 
    where
        u1_0.username=?
2026-05-19 19:54:11 [http-nio-8080-exec-10] DEBUG org.hibernate.SQL - 
    select
        up1_0.id,
        up1_0.break_duration_minutes,
        up1_0.dark_mode,
        up1_0.group_similar_tasks,
        up1_0.hours_before_break,
        up1_0.max_tasks_per_day,
        up1_0.notifications_enabled,
        up1_0.peak_productivity_time,
        up1_0.reminder_minutes_before,
        up1_0.theme_color,
        up1_0.user_id,
        u1_0.id,
        u1_0.created_at,
        u1_0.email,
        u1_0.last_login,
        u1_0.password_hash,
        u1_0.username,
        up1_0.workday_end,
        up1_0.workday_start 
    from
        user_preferences up1_0 
    join
        users u1_0 
            on u1_0.id=up1_0.user_id 
    where
        up1_0.user_id=?
2026-05-19 19:54:11 [http-nio-8080-exec-10] DEBUG o.s.security.web.FilterChainProxy - Secured GET /api/tasks
2026-05-19 19:54:11 [http-nio-8080-exec-10] DEBUG org.hibernate.SQL - 
    select
        t1_0.id,
        t1_0.category,
        t1_0.completed_at,
        t1_0.created_at,
        t1_0.deadline,
        t1_0.description,
        t1_0.estimated_duration_minutes,
        t1_0.priority,
        t1_0.project_id,
        t1_0.scheduled_end_time,
        t1_0.scheduled_start_time,
        t1_0.space_type,
        t1_0.status,
        t1_0.title,
        t1_0.updated_at,
        t1_0.user_id 
    from
        tasks t1_0 
    where
        t1_0.user_id=?
2026-05-19 19:54:11 [http-nio-8080-exec-1] DEBUG o.s.security.web.FilterChainProxy - Securing GET /api/calendar/events?startDate=2026-05-01T00:00:00.000&endDate=2026-05-31T23:59:59.000
2026-05-19 19:54:11 [http-nio-8080-exec-1] DEBUG org.hibernate.SQL - 
    select
        u1_0.id,
        u1_0.created_at,
        u1_0.email,
        u1_0.last_login,
        u1_0.password_hash,
        u1_0.username 
    from
        users u1_0 
    where
        u1_0.username=?
2026-05-19 19:54:11 [http-nio-8080-exec-1] DEBUG org.hibernate.SQL - 
    select
        up1_0.id,
        up1_0.break_duration_minutes,
        up1_0.dark_mode,
        up1_0.group_similar_tasks,
        up1_0.hours_before_break,
        up1_0.max_tasks_per_day,
        up1_0.notifications_enabled,
        up1_0.peak_productivity_time,
        up1_0.reminder_minutes_before,
        up1_0.theme_color,
        up1_0.user_id,
        u1_0.id,
        u1_0.created_at,
        u1_0.email,
        u1_0.last_login,
        u1_0.password_hash,
        u1_0.username,
        up1_0.workday_end,
        up1_0.workday_start 
    from
        user_preferences up1_0 
    join
        users u1_0 
            on u1_0.id=up1_0.user_id 
    where
        up1_0.user_id=?
2026-05-19 19:54:11 [http-nio-8080-exec-1] DEBUG o.s.security.web.FilterChainProxy - Secured GET /api/calendar/events?startDate=2026-05-01T00:00:00.000&endDate=2026-05-31T23:59:59.000
2026-05-19 19:54:11 [http-nio-8080-exec-1] DEBUG org.hibernate.SQL - 
    select
        ce1_0.id,
        ce1_0.color,
        ce1_0.created_at,
        ce1_0.description,
        ce1_0.end_time,
        ce1_0.event_type,
        ce1_0.is_fixed,
        ce1_0.location,
        ce1_0.notes,
        ce1_0.related_habit_id,
        ce1_0.related_task_id,
        ce1_0.related_workout_id,
        ce1_0.start_time,
        ce1_0.title,
        ce1_0.updated_at,
        ce1_0.user_id 
    from
        calendar_events ce1_0 
    where
        ce1_0.user_id=? 
        and ce1_0.start_time between ? and ?
2026-05-19 19:54:14 [http-nio-8080-exec-2] DEBUG o.s.security.web.FilterChainProxy - Securing GET /api/study/notes
2026-05-19 19:54:14 [http-nio-8080-exec-2] DEBUG org.hibernate.SQL - 
    select
        u1_0.id,
        u1_0.created_at,
        u1_0.email,
        u1_0.last_login,
        u1_0.password_hash,
        u1_0.username 
    from
        users u1_0 
    where
        u1_0.username=?
2026-05-19 19:54:14 [http-nio-8080-exec-2] DEBUG org.hibernate.SQL - 
    select
        up1_0.id,
        up1_0.break_duration_minutes,
        up1_0.dark_mode,
        up1_0.group_similar_tasks,
        up1_0.hours_before_break,
        up1_0.max_tasks_per_day,
        up1_0.notifications_enabled,
        up1_0.peak_productivity_time,
        up1_0.reminder_minutes_before,
        up1_0.theme_color,
        up1_0.user_id,
        u1_0.id,
        u1_0.created_at,
        u1_0.email,
        u1_0.last_login,
        u1_0.password_hash,
        u1_0.username,
        up1_0.workday_end,
        up1_0.workday_start 
    from
        user_preferences up1_0 
    join
        users u1_0 
            on u1_0.id=up1_0.user_id 
    where
        up1_0.user_id=?
2026-05-19 19:54:14 [http-nio-8080-exec-2] DEBUG o.s.security.web.FilterChainProxy - Secured GET /api/study/notes
2026-05-19 19:54:14 [http-nio-8080-exec-2] DEBUG org.hibernate.SQL - 
    select
        sn1_0.id,
        sn1_0.category,
        sn1_0.content,
        sn1_0.course_id,
        sn1_0.created_at,
        sn1_0.file_path,
        sn1_0.file_type,
        sn1_0.is_favorite,
        sn1_0.last_reviewed_at,
        sn1_0.tags,
        sn1_0.title,
        sn1_0.updated_at,
        sn1_0.user_id 
    from
        study_notes sn1_0 
    where
        sn1_0.user_id=?
